


ARM Macro Assembler    Page 1 


    1 00000000         ;/*
    2 00000000         ;THIS SOFTWARE IS PROVIDED BY ANALOG DEVICES INC. ``AS I
                       S'' AND ANY EXPRESS OR
    3 00000000         ;IMPLIED WARRANTIES, INCLUDING, BUT NOT LIMITED TO, THE 
                       IMPLIED WARRANTIES OF
    4 00000000         ;MERCHANTABILITY, FITNESS FOR A PARTICULAR PURPOSE, OR N
                       ON-INFRINGEMENT, ARE
    5 00000000         ;DISCLAIMED. IN NO EVENT SHALL ANALOG DEVICES INC. BE LI
                       ABLE FOR ANY DIRECT,
    6 00000000         ;INDIRECT, INCIDENTAL, SPECIAL, EXEMPLARY, OR CONSEQUENT
                       IAL DAMAGES
    7 00000000         ;ARISING IN ANY WAY OUT OF THE USE OF THIS SOFTWARE, EVE
                       N IF ADVISED OF THE
    8 00000000         ;POSSIBILITY OF SUCH DAMAGE.
    9 00000000         ;
   10 00000000         ;YOU ASSUME ANY AND ALL RISK FROM THE USE OF THIS CODE O
                       R SUPPORT FILE.
   11 00000000         ;
   12 00000000         ;IT IS THE RESPONSIBILITY OF THE PERSON INTEGRATING THIS
                        CODE INTO AN APPLICATION
   13 00000000         ;TO ENSURE THAT THE RESULTING APPLICATION PERFORMS AS RE
                       QUIRED AND IS SAFE.
   14 00000000         ;
   15 00000000         ;    Module       : startup_ADuCRF101.s
   16 00000000         ;    Description  : Cortex-M3 startup file - ADuCRF101 -
                        RealView Version
   17 00000000         ;    Date         : 14 January 2013
   18 00000000         ;    Version      : v1.01
   19 00000000         ;    Changelog    : v1.01 Added call to SystemInit
   20 00000000         ;    Changelog    : v1.00 Initial
   21 00000000         ;*/
   22 00000000                 IMPORT           __use_no_semihosting_swi
   23 00000000         ; Amount of memory (in bytes) allocated for Stack
   24 00000000         ; Tailor this value to your application needs
   25 00000000         ; <h> Stack Configuration
   26 00000000         ;   <o> Stack Size (in Bytes) <0x0-0xFFFFFFFF:8>
   27 00000000         ; </h>
   28 00000000         
   29 00000000 00000400 
                       Stack_Size
                               EQU              0x00000400
   30 00000000         
   31 00000000                 AREA             STACK, NOINIT, READWRITE, ALIGN
=3
   32 00000000         Stack_Mem
                               SPACE            Stack_Size
   33 00000400         __initial_sp
   34 00000400         
   35 00000400         
   36 00000400         ; <h> Heap Configuration
   37 00000400         ;   <o>  Heap Size (in Bytes) <0x0-0xFFFFFFFF:8>
   38 00000400         ; </h>
   39 00000400         
   40 00000400 00000200 
                       Heap_Size
                               EQU              0x00000200
   41 00000400         
   42 00000400                 AREA             HEAP, NOINIT, READWRITE, ALIGN=
3



ARM Macro Assembler    Page 2 


   43 00000000         __heap_base
   44 00000000         Heap_Mem
                               SPACE            Heap_Size
   45 00000200         __heap_limit
   46 00000200         
   47 00000200                 PRESERVE8
   48 00000200                 THUMB
   49 00000200         
   50 00000200         
   51 00000200         ; Vector Table Mapped to Address 0 at Reset
   52 00000200                 AREA             RESET, DATA, READONLY
   53 00000000                 EXPORT           __Vectors
   54 00000000                 EXPORT           __Vectors_End
   55 00000000                 EXPORT           __Vectors_Size
   56 00000000         
   57 00000000 00000000 
                       __Vectors
                               DCD              __initial_sp ; Top of Stack
   58 00000004 00000000        DCD              Reset_Handler ; Reset Handler
   59 00000008 00000000        DCD              NMI_Handler ; The NMI handler  
                                                                  
   60 0000000C 00000000        DCD              HardFault_Handler ; The hard fa
                                                            ult handler 
   61 00000010 00000000        DCD              MemManage_Handler ; The MPU fau
                                                            lt handler  
   62 00000014 00000000        DCD              BusFault_Handler ; The bus faul
                                                            t handler  
   63 00000018 00000000        DCD              UsageFault_Handler ; The usage 
                                                            fault handler
   64 0000001C 00000000        DCD              0           ; Reserved         
                                                                  
   65 00000020 00000000        DCD              0           ; Reserved         
                                                                  
   66 00000024 00000000        DCD              0           ; Reserved         
                                                                  
   67 00000028 00000000        DCD              0           ; Reserved         
                                                                  
   68 0000002C 00000000        DCD              SVC_Handler ; SVCall handler   
                                                                  
   69 00000030 00000000        DCD              DebugMon_Handler ; Debug monito
                                                            r handler  
   70 00000034 00000000        DCD              0           ; Reserved         
                                                                  
   71 00000038 00000000        DCD              PendSV_Handler ; The PendSV han
                                                            dler     
   72 0000003C 00000000        DCD              SysTick_Handler ; The SysTick h
                                                            andler    
   73 00000040         
   74 00000040         ; External Interrupts
   75 00000040 00000000        DCD              WakeUp_Int_Handler ;  Wake Up T
                                                            imer              [
                                                             0]
   76 00000044 00000000        DCD              Ext_Int0_Handler ;  External In
                                                            terrupt 0       [ 1
                                                            ]
   77 00000048 00000000        DCD              Ext_Int1_Handler ;  External In
                                                            terrupt 1       [ 2
                                                            ]
   78 0000004C 00000000        DCD              Ext_Int2_Handler ;  External In



ARM Macro Assembler    Page 3 


                                                            terrupt 2       [ 3
                                                            ]
   79 00000050 00000000        DCD              Ext_Int3_Handler ;  External In
                                                            terrupt 3       [ 4
                                                            ]
   80 00000054 00000000        DCD              Ext_Int4_Handler ;  External In
                                                            terrupt 4       [ 5
                                                            ]
   81 00000058 00000000        DCD              Ext_Int5_Handler ;  External In
                                                            terrupt 5       [ 6
                                                            ]
   82 0000005C 00000000        DCD              Ext_Int6_Handler ;  External In
                                                            terrupt 6       [ 7
                                                            ]
   83 00000060 00000000        DCD              Ext_Int7_Handler ;  External In
                                                            terrupt 7       [ 8
                                                            ]
   84 00000064 00000000        DCD              Ext_Int8_Handler ;  External In
                                                            terrupt 8       [ 9
                                                            ]
   85 00000068 00000000        DCD              WDog_Tmr_Int_Handler ;  Watchdo
                                                            g timer handler    
                                                             [10]
   86 0000006C 00000000        DCD              UnUsed_Handler ;  Reserved     
                                                                          [11]
   87 00000070 00000000        DCD              GP_Tmr0_Int_Handler ;  General 
                                                            purpose timer 0    
                                                            [12]
   88 00000074 00000000        DCD              GP_Tmr1_Int_Handler ;  General 
                                                            purpose timer 1    
                                                            [13]
   89 00000078 00000000        DCD              ADC0_Int_Handler ;  ADC Interru
                                                            pt              [14
                                                            ]
   90 0000007C 00000000        DCD              Flsh_Int_Handler ;  Flash IRQ  
                                                                            [15
                                                            ]
   91 00000080 00000000        DCD              UART_Int_Handler ;  UART0      
                                                                            [16
                                                            ]
   92 00000084 00000000        DCD              SPI0_Int_Handler ;  SPI 0      
                                                                            [17
                                                            ]
   93 00000088 00000000        DCD              SPI1_Int_Handler ;  SPI 1      
                                                                            [18
                                                            ]
   94 0000008C 00000000        DCD              I2C0_Slave_Int_Handler ;  I2C0 
                                                            Slave              
                                                               [19]
   95 00000090 00000000        DCD              I2C0_Master_Int_Handler ;  I2C0
                                                             Master            
                                                                [20]
   96 00000094 00000000        DCD              UnUsed_Handler ;  Reserved     
                                                                          [21]
   97 00000098 00000000        DCD              UnUsed_Handler ;  Reserved     
                                                                          [22]
   98 0000009C 00000000        DCD              DMA_Err_Int_Handler ;  DMA Erro
                                                            r interrupt        
                                                            [23]



ARM Macro Assembler    Page 4 


   99 000000A0 00000000        DCD              DMA_SPI1_TX_Int_Handler ;  DMA 
                                                            SPI1 TX            
                                                                [24]
  100 000000A4 00000000        DCD              DMA_SPI1_RX_Int_Handler ;  DMA 
                                                            SPI1 RX            
                                                                [25]
  101 000000A8 00000000        DCD              DMA_UART_TX_Int_Handler ;  DMA 
                                                            UART TX            
                                                                [26]
  102 000000AC 00000000        DCD              DMA_UART_RX_Int_Handler ;  DMA 
                                                            UART RX            
                                                                [27]
  103 000000B0 00000000        DCD              DMA_I2C0_STX_Int_Handler ;  DMA
                                                             I2C0 Slave TX     
                                                                 [28]
  104 000000B4 00000000        DCD              DMA_I2C0_SRX_Int_Handler ;  DMA
                                                             I2C0 Slave RX     
                                                                 [29]
  105 000000B8 00000000        DCD              DMA_I2C0_MTX_Int_Handler ;  DMA
                                                             I2C0 Master TX    
                                                                 [30]
  106 000000BC 00000000        DCD              DMA_I2C0_MRX_Int_Handler ;  DMA
                                                             I2C0 Master RX    
                                                                 [31]
  107 000000C0 00000000        DCD              UnUsed_Handler ;  Reserved     
                                                                          [32]
  108 000000C4 00000000        DCD              UnUsed_Handler ;  Reserved     
                                                                          [33]
  109 000000C8 00000000        DCD              UnUsed_Handler ;  Reserved     
                                                                          [34]
  110 000000CC 00000000        DCD              DMA_ADC_Int_Handler ;  DMA ADC 
                                                                               
                                                            [35]
  111 000000D0 00000000        DCD              DMA_SPI0_TX_Int_Handler ;  DMA 
                                                            SPI0 TX            
                                                                [36]
  112 000000D4 00000000        DCD              DMA_SPI0_RX_Int_Handler ;  DMA 
                                                            SPI0 RX            
                                                                [37]
  113 000000D8 00000000        DCD              PWMTrip_Int_Handler ;  PWM Trip
                                                                               
                                                            [38]
  114 000000DC 00000000        DCD              PWM0_Int_Handler ;  PWM 0      
                                                                            [39
                                                            ]
  115 000000E0 00000000        DCD              PWM1_Int_Handler ;  PWM 1      
                                                                            [40
                                                            ]
  116 000000E4 00000000        DCD              PWM2_Int_Handler ;  PWM 2      
                                                                            [41
                                                            ]
  117 000000E8 00000000        DCD              PWM3_Int_Handler ;  PWM 3      
                                                                            [42
                                                            ]
  118 000000EC 00000000        DCD              UnUsed_Handler ;  Unused       
                                                                          [43]
  119 000000F0         __Vectors_End
  120 000000F0         
  121 000000F0 000000F0 



ARM Macro Assembler    Page 5 


                       __Vectors_Size
                               EQU              __Vectors_End - __Vectors
  122 000000F0         
  123 000000F0                 AREA             |.text|, CODE, READONLY
  124 00000000         
  125 00000000         ; Reset handler
  126 00000000         Reset_Handler
                               PROC
  127 00000000                 EXPORT           Reset_Handler             [WEAK
]
  128 00000000                 IMPORT           SystemInit
  129 00000000                 IMPORT           __main
  130 00000000 4806            LDR              R0, =SystemInit ; Defined in sy
                                                            stem_ADuCRF101.c
  131 00000002 4780            BLX              R0
  132 00000004 4806            LDR              R0, =__main
  133 00000006 4700            BX               R0
  134 00000008                 ENDP
  135 00000008         
  136 00000008         ; Dummy Exception Handlers (infinite loops which can be 
                       modified)
  137 00000008         
  138 00000008         NMI_Handler
                               PROC
  139 00000008                 EXPORT           NMI_Handler                [WEA
K]
  140 00000008 E7FE            B                .
  141 0000000A                 ENDP
  143 0000000A         HardFault_Handler
                               PROC
  144 0000000A                 EXPORT           HardFault_Handler          [WEA
K]
  145 0000000A E7FE            B                .
  146 0000000C                 ENDP
  148 0000000C         MemManage_Handler
                               PROC
  149 0000000C                 EXPORT           MemManage_Handler          [WEA
K]
  150 0000000C E7FE            B                .
  151 0000000E                 ENDP
  153 0000000E         BusFault_Handler
                               PROC
  154 0000000E                 EXPORT           BusFault_Handler           [WEA
K]
  155 0000000E E7FE            B                .
  156 00000010                 ENDP
  158 00000010         UsageFault_Handler
                               PROC
  159 00000010                 EXPORT           UsageFault_Handler         [WEA
K]
  160 00000010 E7FE            B                .
  161 00000012                 ENDP
  162 00000012         SVC_Handler
                               PROC
  163 00000012                 EXPORT           SVC_Handler                [WEA
K]
  164 00000012 E7FE            B                .
  165 00000014                 ENDP
  167 00000014         DebugMon_Handler



ARM Macro Assembler    Page 6 


                               PROC
  168 00000014                 EXPORT           DebugMon_Handler           [WEA
K]
  169 00000014 E7FE            B                .
  170 00000016                 ENDP
  171 00000016         PendSV_Handler
                               PROC
  172 00000016                 EXPORT           PendSV_Handler             [WEA
K]
  173 00000016 E7FE            B                .
  174 00000018                 ENDP
  175 00000018         SysTick_Handler
                               PROC
  176 00000018                 EXPORT           SysTick_Handler            [WEA
K]
  177 00000018 E7FE            B                .
  178 0000001A                 ENDP
  179 0000001A         
  180 0000001A         Default_Handler
                               PROC
  181 0000001A         
  182 0000001A                 EXPORT           WakeUp_Int_Handler         [WEA
K]
  183 0000001A                 EXPORT           Ext_Int0_Handler           [WEA
K]
  184 0000001A                 EXPORT           Ext_Int1_Handler           [WEA
K]
  185 0000001A                 EXPORT           Ext_Int2_Handler           [WEA
K]
  186 0000001A                 EXPORT           Ext_Int3_Handler           [WEA
K]
  187 0000001A                 EXPORT           Ext_Int4_Handler           [WEA
K]
  188 0000001A                 EXPORT           Ext_Int5_Handler           [WEA
K]
  189 0000001A                 EXPORT           Ext_Int6_Handler           [WEA
K]
  190 0000001A                 EXPORT           Ext_Int7_Handler           [WEA
K]
  191 0000001A                 EXPORT           Ext_Int8_Handler           [WEA
K]
  192 0000001A                 EXPORT           WDog_Tmr_Int_Handler       [WEA
K]
  193 0000001A                 EXPORT           GP_Tmr0_Int_Handler        [WEA
K]
  194 0000001A                 EXPORT           GP_Tmr1_Int_Handler        [WEA
K]
  195 0000001A                 EXPORT           ADC0_Int_Handler           [WEA
K]
  196 0000001A                 EXPORT           Flsh_Int_Handler           [WEA
K]
  197 0000001A                 EXPORT           UART_Int_Handler           [WEA
K]
  198 0000001A                 EXPORT           SPI0_Int_Handler           [WEA
K]
  199 0000001A                 EXPORT           SPI1_Int_Handler           [WEA
K]
  200 0000001A                 EXPORT           I2C0_Slave_Int_Handler     [WEA
K]



ARM Macro Assembler    Page 7 


  201 0000001A                 EXPORT           I2C0_Master_Int_Handler    [WEA
K]
  202 0000001A                 EXPORT           DMA_Err_Int_Handler        [WEA
K]
  203 0000001A                 EXPORT           DMA_SPI1_TX_Int_Handler    [WEA
K]
  204 0000001A                 EXPORT           DMA_SPI1_RX_Int_Handler    [WEA
K]
  205 0000001A                 EXPORT           DMA_UART_TX_Int_Handler    [WEA
K]
  206 0000001A                 EXPORT           DMA_UART_RX_Int_Handler    [WEA
K]
  207 0000001A                 EXPORT           DMA_I2C0_STX_Int_Handler   [WEA
K]
  208 0000001A                 EXPORT           DMA_I2C0_SRX_Int_Handler   [WEA
K]
  209 0000001A                 EXPORT           DMA_I2C0_MTX_Int_Handler   [WEA
K]
  210 0000001A                 EXPORT           DMA_I2C0_MRX_Int_Handler   [WEA
K]
  211 0000001A                 EXPORT           DMA_ADC_Int_Handler        [WEA
K]
  212 0000001A                 EXPORT           DMA_SPI0_TX_Int_Handler    [WEA
K]
  213 0000001A                 EXPORT           DMA_SPI0_RX_Int_Handler    [WEA
K]
  214 0000001A                 EXPORT           PWMTrip_Int_Handler        [WEA
K]
  215 0000001A                 EXPORT           PWM0_Int_Handler           [WEA
K]
  216 0000001A                 EXPORT           PWM1_Int_Handler           [WEA
K]
  217 0000001A                 EXPORT           PWM2_Int_Handler           [WEA
K]
  218 0000001A                 EXPORT           PWM3_Int_Handler           [WEA
K]
  219 0000001A                 EXPORT           UnUsed_Handler             [WEA
K]
  220 0000001A         
  221 0000001A         
  222 0000001A         WakeUp_Int_Handler
  223 0000001A         Ext_Int0_Handler
  224 0000001A         Ext_Int1_Handler
  225 0000001A         Ext_Int2_Handler
  226 0000001A         Ext_Int3_Handler
  227 0000001A         Ext_Int4_Handler
  228 0000001A         Ext_Int5_Handler
  229 0000001A         Ext_Int6_Handler
  230 0000001A         Ext_Int7_Handler
  231 0000001A         Ext_Int8_Handler
  232 0000001A         WDog_Tmr_Int_Handler
  233 0000001A         GP_Tmr0_Int_Handler
  234 0000001A         GP_Tmr1_Int_Handler
  235 0000001A         ADC0_Int_Handler
  236 0000001A         Flsh_Int_Handler
  237 0000001A         UART_Int_Handler
  238 0000001A         SPI0_Int_Handler
  239 0000001A         SPI1_Int_Handler
  240 0000001A         I2C0_Slave_Int_Handler



ARM Macro Assembler    Page 8 


  241 0000001A         I2C0_Master_Int_Handler
  242 0000001A         DMA_Err_Int_Handler
  243 0000001A         DMA_SPI1_TX_Int_Handler
  244 0000001A         DMA_SPI1_RX_Int_Handler
  245 0000001A         DMA_UART_TX_Int_Handler
  246 0000001A         DMA_UART_RX_Int_Handler
  247 0000001A         DMA_I2C0_STX_Int_Handler
  248 0000001A         DMA_I2C0_SRX_Int_Handler
  249 0000001A         DMA_I2C0_MTX_Int_Handler
  250 0000001A         DMA_I2C0_MRX_Int_Handler
  251 0000001A         DMA_ADC_Int_Handler
  252 0000001A         DMA_SPI0_TX_Int_Handler
  253 0000001A         DMA_SPI0_RX_Int_Handler
  254 0000001A         PWMTrip_Int_Handler
  255 0000001A         PWM0_Int_Handler
  256 0000001A         PWM1_Int_Handler
  257 0000001A         PWM2_Int_Handler
  258 0000001A         PWM3_Int_Handler
  259 0000001A         UnUsed_Handler
  260 0000001A         
  261 0000001A E7FE            B                .
  262 0000001C         
  263 0000001C                 ENDP
  264 0000001C         
  265 0000001C                 ALIGN
  266 0000001C         
  267 0000001C         ;*******************************************************
                       ************************
  268 0000001C         ; User Stack and Heap initialization
  269 0000001C         ;*******************************************************
                       ************************
  270 0000001C                 IF               :DEF:__MICROLIB
  271 0000001C         
  272 0000001C                 EXPORT           __initial_sp
  273 0000001C                 EXPORT           __heap_base
  274 0000001C                 EXPORT           __heap_limit
  275 0000001C         
  276 0000001C                 ELSE
  291                          ENDIF
  292 0000001C         
  293 0000001C                 END
              00000000 
              00000000 
Command Line: --debug --xref --cpu=Cortex-M3 --apcs=interwork --depend=.\obj\st
artup_ADuCRF101.d -o.\obj\startup_ADuCRF101.o -IC:\Keil_v5\ARM\RV31\INC -IC:\Ke
il_v5\ARM\CMSIS\Include -IC:\Keil_v5\ARM\Inc\ADI --predefine="__EVAL SETA 1" --
predefine="__MICROLIB SETA 1" --list=.\Lst\startup_ADuCRF101.lst ..\..\Common\R
ealView\startup_ADuCRF101.s



ARM Macro Assembler    Page 1 Alphabetic symbol ordering
Relocatable symbols

STACK 00000000

Symbol: STACK
   Definitions
      At line 31 in file ..\..\Common\RealView\startup_ADuCRF101.s
   Uses
      None
Comment: STACK unused
Stack_Mem 00000000

Symbol: Stack_Mem
   Definitions
      At line 32 in file ..\..\Common\RealView\startup_ADuCRF101.s
   Uses
      None
Comment: Stack_Mem unused
__initial_sp 00000400

Symbol: __initial_sp
   Definitions
      At line 33 in file ..\..\Common\RealView\startup_ADuCRF101.s
   Uses
      At line 57 in file ..\..\Common\RealView\startup_ADuCRF101.s
      At line 272 in file ..\..\Common\RealView\startup_ADuCRF101.s

3 symbols



ARM Macro Assembler    Page 1 Alphabetic symbol ordering
Relocatable symbols

HEAP 00000000

Symbol: HEAP
   Definitions
      At line 42 in file ..\..\Common\RealView\startup_ADuCRF101.s
   Uses
      None
Comment: HEAP unused
Heap_Mem 00000000

Symbol: Heap_Mem
   Definitions
      At line 44 in file ..\..\Common\RealView\startup_ADuCRF101.s
   Uses
      None
Comment: Heap_Mem unused
__heap_base 00000000

Symbol: __heap_base
   Definitions
      At line 43 in file ..\..\Common\RealView\startup_ADuCRF101.s
   Uses
      At line 273 in file ..\..\Common\RealView\startup_ADuCRF101.s
Comment: __heap_base used once
__heap_limit 00000200

Symbol: __heap_limit
   Definitions
      At line 45 in file ..\..\Common\RealView\startup_ADuCRF101.s
   Uses
      At line 274 in file ..\..\Common\RealView\startup_ADuCRF101.s
Comment: __heap_limit used once
4 symbols



ARM Macro Assembler    Page 1 Alphabetic symbol ordering
Relocatable symbols

RESET 00000000

Symbol: RESET
   Definitions
      At line 52 in file ..\..\Common\RealView\startup_ADuCRF101.s
   Uses
      None
Comment: RESET unused
__Vectors 00000000

Symbol: __Vectors
   Definitions
      At line 57 in file ..\..\Common\RealView\startup_ADuCRF101.s
   Uses
      At line 53 in file ..\..\Common\RealView\startup_ADuCRF101.s
      At line 121 in file ..\..\Common\RealView\startup_ADuCRF101.s

__Vectors_End 000000F0

Symbol: __Vectors_End
   Definitions
      At line 119 in file ..\..\Common\RealView\startup_ADuCRF101.s
   Uses
      At line 54 in file ..\..\Common\RealView\startup_ADuCRF101.s
      At line 121 in file ..\..\Common\RealView\startup_ADuCRF101.s

3 symbols



ARM Macro Assembler    Page 1 Alphabetic symbol ordering
Relocatable symbols

.text 00000000

Symbol: .text
   Definitions
      At line 123 in file ..\..\Common\RealView\startup_ADuCRF101.s
   Uses
      None
Comment: .text unused
ADC0_Int_Handler 0000001A

Symbol: ADC0_Int_Handler
   Definitions
      At line 235 in file ..\..\Common\RealView\startup_ADuCRF101.s
   Uses
      At line 89 in file ..\..\Common\RealView\startup_ADuCRF101.s
      At line 195 in file ..\..\Common\RealView\startup_ADuCRF101.s

BusFault_Handler 0000000E

Symbol: BusFault_Handler
   Definitions
      At line 153 in file ..\..\Common\RealView\startup_ADuCRF101.s
   Uses
      At line 62 in file ..\..\Common\RealView\startup_ADuCRF101.s
      At line 154 in file ..\..\Common\RealView\startup_ADuCRF101.s

DMA_ADC_Int_Handler 0000001A

Symbol: DMA_ADC_Int_Handler
   Definitions
      At line 251 in file ..\..\Common\RealView\startup_ADuCRF101.s
   Uses
      At line 110 in file ..\..\Common\RealView\startup_ADuCRF101.s
      At line 211 in file ..\..\Common\RealView\startup_ADuCRF101.s

DMA_Err_Int_Handler 0000001A

Symbol: DMA_Err_Int_Handler
   Definitions
      At line 242 in file ..\..\Common\RealView\startup_ADuCRF101.s
   Uses
      At line 98 in file ..\..\Common\RealView\startup_ADuCRF101.s
      At line 202 in file ..\..\Common\RealView\startup_ADuCRF101.s

DMA_I2C0_MRX_Int_Handler 0000001A

Symbol: DMA_I2C0_MRX_Int_Handler
   Definitions
      At line 250 in file ..\..\Common\RealView\startup_ADuCRF101.s
   Uses
      At line 106 in file ..\..\Common\RealView\startup_ADuCRF101.s
      At line 210 in file ..\..\Common\RealView\startup_ADuCRF101.s

DMA_I2C0_MTX_Int_Handler 0000001A

Symbol: DMA_I2C0_MTX_Int_Handler
   Definitions
      At line 249 in file ..\..\Common\RealView\startup_ADuCRF101.s
   Uses



ARM Macro Assembler    Page 2 Alphabetic symbol ordering
Relocatable symbols

      At line 105 in file ..\..\Common\RealView\startup_ADuCRF101.s
      At line 209 in file ..\..\Common\RealView\startup_ADuCRF101.s

DMA_I2C0_SRX_Int_Handler 0000001A

Symbol: DMA_I2C0_SRX_Int_Handler
   Definitions
      At line 248 in file ..\..\Common\RealView\startup_ADuCRF101.s
   Uses
      At line 104 in file ..\..\Common\RealView\startup_ADuCRF101.s
      At line 208 in file ..\..\Common\RealView\startup_ADuCRF101.s

DMA_I2C0_STX_Int_Handler 0000001A

Symbol: DMA_I2C0_STX_Int_Handler
   Definitions
      At line 247 in file ..\..\Common\RealView\startup_ADuCRF101.s
   Uses
      At line 103 in file ..\..\Common\RealView\startup_ADuCRF101.s
      At line 207 in file ..\..\Common\RealView\startup_ADuCRF101.s

DMA_SPI0_RX_Int_Handler 0000001A

Symbol: DMA_SPI0_RX_Int_Handler
   Definitions
      At line 253 in file ..\..\Common\RealView\startup_ADuCRF101.s
   Uses
      At line 112 in file ..\..\Common\RealView\startup_ADuCRF101.s
      At line 213 in file ..\..\Common\RealView\startup_ADuCRF101.s

DMA_SPI0_TX_Int_Handler 0000001A

Symbol: DMA_SPI0_TX_Int_Handler
   Definitions
      At line 252 in file ..\..\Common\RealView\startup_ADuCRF101.s
   Uses
      At line 111 in file ..\..\Common\RealView\startup_ADuCRF101.s
      At line 212 in file ..\..\Common\RealView\startup_ADuCRF101.s

DMA_SPI1_RX_Int_Handler 0000001A

Symbol: DMA_SPI1_RX_Int_Handler
   Definitions
      At line 244 in file ..\..\Common\RealView\startup_ADuCRF101.s
   Uses
      At line 100 in file ..\..\Common\RealView\startup_ADuCRF101.s
      At line 204 in file ..\..\Common\RealView\startup_ADuCRF101.s

DMA_SPI1_TX_Int_Handler 0000001A

Symbol: DMA_SPI1_TX_Int_Handler
   Definitions
      At line 243 in file ..\..\Common\RealView\startup_ADuCRF101.s
   Uses
      At line 99 in file ..\..\Common\RealView\startup_ADuCRF101.s
      At line 203 in file ..\..\Common\RealView\startup_ADuCRF101.s

DMA_UART_RX_Int_Handler 0000001A




ARM Macro Assembler    Page 3 Alphabetic symbol ordering
Relocatable symbols

Symbol: DMA_UART_RX_Int_Handler
   Definitions
      At line 246 in file ..\..\Common\RealView\startup_ADuCRF101.s
   Uses
      At line 102 in file ..\..\Common\RealView\startup_ADuCRF101.s
      At line 206 in file ..\..\Common\RealView\startup_ADuCRF101.s

DMA_UART_TX_Int_Handler 0000001A

Symbol: DMA_UART_TX_Int_Handler
   Definitions
      At line 245 in file ..\..\Common\RealView\startup_ADuCRF101.s
   Uses
      At line 101 in file ..\..\Common\RealView\startup_ADuCRF101.s
      At line 205 in file ..\..\Common\RealView\startup_ADuCRF101.s

DebugMon_Handler 00000014

Symbol: DebugMon_Handler
   Definitions
      At line 167 in file ..\..\Common\RealView\startup_ADuCRF101.s
   Uses
      At line 69 in file ..\..\Common\RealView\startup_ADuCRF101.s
      At line 168 in file ..\..\Common\RealView\startup_ADuCRF101.s

Default_Handler 0000001A

Symbol: Default_Handler
   Definitions
      At line 180 in file ..\..\Common\RealView\startup_ADuCRF101.s
   Uses
      None
Comment: Default_Handler unused
Ext_Int0_Handler 0000001A

Symbol: Ext_Int0_Handler
   Definitions
      At line 223 in file ..\..\Common\RealView\startup_ADuCRF101.s
   Uses
      At line 76 in file ..\..\Common\RealView\startup_ADuCRF101.s
      At line 183 in file ..\..\Common\RealView\startup_ADuCRF101.s

Ext_Int1_Handler 0000001A

Symbol: Ext_Int1_Handler
   Definitions
      At line 224 in file ..\..\Common\RealView\startup_ADuCRF101.s
   Uses
      At line 77 in file ..\..\Common\RealView\startup_ADuCRF101.s
      At line 184 in file ..\..\Common\RealView\startup_ADuCRF101.s

Ext_Int2_Handler 0000001A

Symbol: Ext_Int2_Handler
   Definitions
      At line 225 in file ..\..\Common\RealView\startup_ADuCRF101.s
   Uses
      At line 78 in file ..\..\Common\RealView\startup_ADuCRF101.s
      At line 185 in file ..\..\Common\RealView\startup_ADuCRF101.s



ARM Macro Assembler    Page 4 Alphabetic symbol ordering
Relocatable symbols


Ext_Int3_Handler 0000001A

Symbol: Ext_Int3_Handler
   Definitions
      At line 226 in file ..\..\Common\RealView\startup_ADuCRF101.s
   Uses
      At line 79 in file ..\..\Common\RealView\startup_ADuCRF101.s
      At line 186 in file ..\..\Common\RealView\startup_ADuCRF101.s

Ext_Int4_Handler 0000001A

Symbol: Ext_Int4_Handler
   Definitions
      At line 227 in file ..\..\Common\RealView\startup_ADuCRF101.s
   Uses
      At line 80 in file ..\..\Common\RealView\startup_ADuCRF101.s
      At line 187 in file ..\..\Common\RealView\startup_ADuCRF101.s

Ext_Int5_Handler 0000001A

Symbol: Ext_Int5_Handler
   Definitions
      At line 228 in file ..\..\Common\RealView\startup_ADuCRF101.s
   Uses
      At line 81 in file ..\..\Common\RealView\startup_ADuCRF101.s
      At line 188 in file ..\..\Common\RealView\startup_ADuCRF101.s

Ext_Int6_Handler 0000001A

Symbol: Ext_Int6_Handler
   Definitions
      At line 229 in file ..\..\Common\RealView\startup_ADuCRF101.s
   Uses
      At line 82 in file ..\..\Common\RealView\startup_ADuCRF101.s
      At line 189 in file ..\..\Common\RealView\startup_ADuCRF101.s

Ext_Int7_Handler 0000001A

Symbol: Ext_Int7_Handler
   Definitions
      At line 230 in file ..\..\Common\RealView\startup_ADuCRF101.s
   Uses
      At line 83 in file ..\..\Common\RealView\startup_ADuCRF101.s
      At line 190 in file ..\..\Common\RealView\startup_ADuCRF101.s

Ext_Int8_Handler 0000001A

Symbol: Ext_Int8_Handler
   Definitions
      At line 231 in file ..\..\Common\RealView\startup_ADuCRF101.s
   Uses
      At line 84 in file ..\..\Common\RealView\startup_ADuCRF101.s
      At line 191 in file ..\..\Common\RealView\startup_ADuCRF101.s

Flsh_Int_Handler 0000001A

Symbol: Flsh_Int_Handler
   Definitions



ARM Macro Assembler    Page 5 Alphabetic symbol ordering
Relocatable symbols

      At line 236 in file ..\..\Common\RealView\startup_ADuCRF101.s
   Uses
      At line 90 in file ..\..\Common\RealView\startup_ADuCRF101.s
      At line 196 in file ..\..\Common\RealView\startup_ADuCRF101.s

GP_Tmr0_Int_Handler 0000001A

Symbol: GP_Tmr0_Int_Handler
   Definitions
      At line 233 in file ..\..\Common\RealView\startup_ADuCRF101.s
   Uses
      At line 87 in file ..\..\Common\RealView\startup_ADuCRF101.s
      At line 193 in file ..\..\Common\RealView\startup_ADuCRF101.s

GP_Tmr1_Int_Handler 0000001A

Symbol: GP_Tmr1_Int_Handler
   Definitions
      At line 234 in file ..\..\Common\RealView\startup_ADuCRF101.s
   Uses
      At line 88 in file ..\..\Common\RealView\startup_ADuCRF101.s
      At line 194 in file ..\..\Common\RealView\startup_ADuCRF101.s

HardFault_Handler 0000000A

Symbol: HardFault_Handler
   Definitions
      At line 143 in file ..\..\Common\RealView\startup_ADuCRF101.s
   Uses
      At line 60 in file ..\..\Common\RealView\startup_ADuCRF101.s
      At line 144 in file ..\..\Common\RealView\startup_ADuCRF101.s

I2C0_Master_Int_Handler 0000001A

Symbol: I2C0_Master_Int_Handler
   Definitions
      At line 241 in file ..\..\Common\RealView\startup_ADuCRF101.s
   Uses
      At line 95 in file ..\..\Common\RealView\startup_ADuCRF101.s
      At line 201 in file ..\..\Common\RealView\startup_ADuCRF101.s

I2C0_Slave_Int_Handler 0000001A

Symbol: I2C0_Slave_Int_Handler
   Definitions
      At line 240 in file ..\..\Common\RealView\startup_ADuCRF101.s
   Uses
      At line 94 in file ..\..\Common\RealView\startup_ADuCRF101.s
      At line 200 in file ..\..\Common\RealView\startup_ADuCRF101.s

MemManage_Handler 0000000C

Symbol: MemManage_Handler
   Definitions
      At line 148 in file ..\..\Common\RealView\startup_ADuCRF101.s
   Uses
      At line 61 in file ..\..\Common\RealView\startup_ADuCRF101.s
      At line 149 in file ..\..\Common\RealView\startup_ADuCRF101.s




ARM Macro Assembler    Page 6 Alphabetic symbol ordering
Relocatable symbols

NMI_Handler 00000008

Symbol: NMI_Handler
   Definitions
      At line 138 in file ..\..\Common\RealView\startup_ADuCRF101.s
   Uses
      At line 59 in file ..\..\Common\RealView\startup_ADuCRF101.s
      At line 139 in file ..\..\Common\RealView\startup_ADuCRF101.s

PWM0_Int_Handler 0000001A

Symbol: PWM0_Int_Handler
   Definitions
      At line 255 in file ..\..\Common\RealView\startup_ADuCRF101.s
   Uses
      At line 114 in file ..\..\Common\RealView\startup_ADuCRF101.s
      At line 215 in file ..\..\Common\RealView\startup_ADuCRF101.s

PWM1_Int_Handler 0000001A

Symbol: PWM1_Int_Handler
   Definitions
      At line 256 in file ..\..\Common\RealView\startup_ADuCRF101.s
   Uses
      At line 115 in file ..\..\Common\RealView\startup_ADuCRF101.s
      At line 216 in file ..\..\Common\RealView\startup_ADuCRF101.s

PWM2_Int_Handler 0000001A

Symbol: PWM2_Int_Handler
   Definitions
      At line 257 in file ..\..\Common\RealView\startup_ADuCRF101.s
   Uses
      At line 116 in file ..\..\Common\RealView\startup_ADuCRF101.s
      At line 217 in file ..\..\Common\RealView\startup_ADuCRF101.s

PWM3_Int_Handler 0000001A

Symbol: PWM3_Int_Handler
   Definitions
      At line 258 in file ..\..\Common\RealView\startup_ADuCRF101.s
   Uses
      At line 117 in file ..\..\Common\RealView\startup_ADuCRF101.s
      At line 218 in file ..\..\Common\RealView\startup_ADuCRF101.s

PWMTrip_Int_Handler 0000001A

Symbol: PWMTrip_Int_Handler
   Definitions
      At line 254 in file ..\..\Common\RealView\startup_ADuCRF101.s
   Uses
      At line 113 in file ..\..\Common\RealView\startup_ADuCRF101.s
      At line 214 in file ..\..\Common\RealView\startup_ADuCRF101.s

PendSV_Handler 00000016

Symbol: PendSV_Handler
   Definitions
      At line 171 in file ..\..\Common\RealView\startup_ADuCRF101.s



ARM Macro Assembler    Page 7 Alphabetic symbol ordering
Relocatable symbols

   Uses
      At line 71 in file ..\..\Common\RealView\startup_ADuCRF101.s
      At line 172 in file ..\..\Common\RealView\startup_ADuCRF101.s

Reset_Handler 00000000

Symbol: Reset_Handler
   Definitions
      At line 126 in file ..\..\Common\RealView\startup_ADuCRF101.s
   Uses
      At line 58 in file ..\..\Common\RealView\startup_ADuCRF101.s
      At line 127 in file ..\..\Common\RealView\startup_ADuCRF101.s

SPI0_Int_Handler 0000001A

Symbol: SPI0_Int_Handler
   Definitions
      At line 238 in file ..\..\Common\RealView\startup_ADuCRF101.s
   Uses
      At line 92 in file ..\..\Common\RealView\startup_ADuCRF101.s
      At line 198 in file ..\..\Common\RealView\startup_ADuCRF101.s

SPI1_Int_Handler 0000001A

Symbol: SPI1_Int_Handler
   Definitions
      At line 239 in file ..\..\Common\RealView\startup_ADuCRF101.s
   Uses
      At line 93 in file ..\..\Common\RealView\startup_ADuCRF101.s
      At line 199 in file ..\..\Common\RealView\startup_ADuCRF101.s

SVC_Handler 00000012

Symbol: SVC_Handler
   Definitions
      At line 162 in file ..\..\Common\RealView\startup_ADuCRF101.s
   Uses
      At line 68 in file ..\..\Common\RealView\startup_ADuCRF101.s
      At line 163 in file ..\..\Common\RealView\startup_ADuCRF101.s

SysTick_Handler 00000018

Symbol: SysTick_Handler
   Definitions
      At line 175 in file ..\..\Common\RealView\startup_ADuCRF101.s
   Uses
      At line 72 in file ..\..\Common\RealView\startup_ADuCRF101.s
      At line 176 in file ..\..\Common\RealView\startup_ADuCRF101.s

UART_Int_Handler 0000001A

Symbol: UART_Int_Handler
   Definitions
      At line 237 in file ..\..\Common\RealView\startup_ADuCRF101.s
   Uses
      At line 91 in file ..\..\Common\RealView\startup_ADuCRF101.s
      At line 197 in file ..\..\Common\RealView\startup_ADuCRF101.s

UnUsed_Handler 0000001A



ARM Macro Assembler    Page 8 Alphabetic symbol ordering
Relocatable symbols


Symbol: UnUsed_Handler
   Definitions
      At line 259 in file ..\..\Common\RealView\startup_ADuCRF101.s
   Uses
      At line 86 in file ..\..\Common\RealView\startup_ADuCRF101.s
      At line 96 in file ..\..\Common\RealView\startup_ADuCRF101.s
      At line 97 in file ..\..\Common\RealView\startup_ADuCRF101.s
      At line 107 in file ..\..\Common\RealView\startup_ADuCRF101.s
      At line 108 in file ..\..\Common\RealView\startup_ADuCRF101.s
      At line 109 in file ..\..\Common\RealView\startup_ADuCRF101.s
      At line 118 in file ..\..\Common\RealView\startup_ADuCRF101.s
      At line 219 in file ..\..\Common\RealView\startup_ADuCRF101.s

UsageFault_Handler 00000010

Symbol: UsageFault_Handler
   Definitions
      At line 158 in file ..\..\Common\RealView\startup_ADuCRF101.s
   Uses
      At line 63 in file ..\..\Common\RealView\startup_ADuCRF101.s
      At line 159 in file ..\..\Common\RealView\startup_ADuCRF101.s

WDog_Tmr_Int_Handler 0000001A

Symbol: WDog_Tmr_Int_Handler
   Definitions
      At line 232 in file ..\..\Common\RealView\startup_ADuCRF101.s
   Uses
      At line 85 in file ..\..\Common\RealView\startup_ADuCRF101.s
      At line 192 in file ..\..\Common\RealView\startup_ADuCRF101.s

WakeUp_Int_Handler 0000001A

Symbol: WakeUp_Int_Handler
   Definitions
      At line 222 in file ..\..\Common\RealView\startup_ADuCRF101.s
   Uses
      At line 75 in file ..\..\Common\RealView\startup_ADuCRF101.s
      At line 182 in file ..\..\Common\RealView\startup_ADuCRF101.s

50 symbols



ARM Macro Assembler    Page 1 Alphabetic symbol ordering
Absolute symbols

Heap_Size 00000200

Symbol: Heap_Size
   Definitions
      At line 40 in file ..\..\Common\RealView\startup_ADuCRF101.s
   Uses
      At line 44 in file ..\..\Common\RealView\startup_ADuCRF101.s
Comment: Heap_Size used once
Stack_Size 00000400

Symbol: Stack_Size
   Definitions
      At line 29 in file ..\..\Common\RealView\startup_ADuCRF101.s
   Uses
      At line 32 in file ..\..\Common\RealView\startup_ADuCRF101.s
Comment: Stack_Size used once
__Vectors_Size 000000F0

Symbol: __Vectors_Size
   Definitions
      At line 121 in file ..\..\Common\RealView\startup_ADuCRF101.s
   Uses
      At line 55 in file ..\..\Common\RealView\startup_ADuCRF101.s
Comment: __Vectors_Size used once
3 symbols



ARM Macro Assembler    Page 1 Alphabetic symbol ordering
External symbols

SystemInit 00000000

Symbol: SystemInit
   Definitions
      At line 128 in file ..\..\Common\RealView\startup_ADuCRF101.s
   Uses
      At line 130 in file ..\..\Common\RealView\startup_ADuCRF101.s
Comment: SystemInit used once
__main 00000000

Symbol: __main
   Definitions
      At line 129 in file ..\..\Common\RealView\startup_ADuCRF101.s
   Uses
      At line 132 in file ..\..\Common\RealView\startup_ADuCRF101.s
Comment: __main used once
__use_no_semihosting_swi 00000000

Symbol: __use_no_semihosting_swi
   Definitions
      At line 22 in file ..\..\Common\RealView\startup_ADuCRF101.s
   Uses
      None
Comment: __use_no_semihosting_swi unused
3 symbols
400 symbols in table
